<?xml version="1.0" encoding="UTF-8"?>
<!-- Generated by org.testng.reporters.JUnitXMLReporter -->
<testsuite hostname="DESKTOP-3NQPI56" name="Default test" tests="2" failures="0" timestamp="3 Apr 2020 10:39:45 GMT" time="66.008" errors="0">
  <testcase name="TestStep01_UserSubmitLoginDetails" time="13.667" classname="com.empirix.tests.TC001_LoginIntoApplication"/>
  <testcase name="TestStep02_VerifyUserSuccessfullyLogin" time="26.847" classname="com.empirix.tests.TC001_LoginIntoApplication"/>
</testsuite> <!-- Default test -->
