<?xml version="1.0" encoding="UTF-8"?>
<!-- Generated by org.testng.reporters.JUnitXMLReporter -->
<testsuite hostname="DESKTOP-3NQPI56" name="Login into application" tests="3" failures="0" timestamp="3 Apr 2020 14:20:12 GMT" time="72.518" errors="0">
  <testcase name="TestStep01_UserSubmitLoginDetails" time="12.791" classname="com.empirix.tests.TC001_LoginIntoApplication"/>
  <testcase name="TestStep02_VerifyUserSuccessfullyLogin" time="33.065" classname="com.empirix.tests.TC001_LoginIntoApplication"/>
  <testcase name="TestStep02_VerifyUserSuccessfullyLogoutfromtheApplication" time="0.073" classname="com.empirix.tests.TC001_LoginIntoApplication"/>
</testsuite> <!-- Login into application -->
